Analysis & Synthesis report for ev20QUARTUS
Sun May 10 14:51:16 2020
Quartus Prime Version 18.1.0 Build 625 09/12/2018 SJ Lite Edition


---------------------
; Table of Contents ;
---------------------
  1. Legal Notice
  2. Analysis & Synthesis Summary
  3. Analysis & Synthesis Settings
  4. Parallel Compilation
  5. Analysis & Synthesis Source Files Read
  6. Analysis & Synthesis Resource Usage Summary
  7. Analysis & Synthesis Resource Utilization by Entity
  8. User-Specified and Inferred Latches
  9. General Register Statistics
 10. Multiplexer Restructuring Statistics (Restructuring Performed)
 11. Post-Synthesis Netlist Statistics for Top Partition
 12. Elapsed Time Per Partition
 13. Analysis & Synthesis Messages



----------------
; Legal Notice ;
----------------
Copyright (C) 2018  Intel Corporation. All rights reserved.
Your use of Intel Corporation's design tools, logic functions 
and other software and tools, and its AMPP partner logic 
functions, and any output files from any of the foregoing 
(including device programming or simulation files), and any 
associated documentation or information are expressly subject 
to the terms and conditions of the Intel Program License 
Subscription Agreement, the Intel Quartus Prime License Agreement,
the Intel FPGA IP License Agreement, or other applicable license
agreement, including, without limitation, that your use is for
the sole purpose of programming logic devices manufactured by
Intel and sold by Intel or its authorized distributors.  Please
refer to the applicable agreement for further details.



+----------------------------------------------------------------------------------+
; Analysis & Synthesis Summary                                                     ;
+------------------------------------+---------------------------------------------+
; Analysis & Synthesis Status        ; Successful - Sun May 10 14:51:16 2020       ;
; Quartus Prime Version              ; 18.1.0 Build 625 09/12/2018 SJ Lite Edition ;
; Revision Name                      ; ev20QUARTUS                                 ;
; Top-level Entity Name              ; ev20main                                    ;
; Family                             ; Cyclone IV E                                ;
; Total logic elements               ; 177                                         ;
;     Total combinational functions  ; 177                                         ;
;     Dedicated logic registers      ; 0                                           ;
; Total registers                    ; 0                                           ;
; Total pins                         ; 54                                          ;
; Total virtual pins                 ; 0                                           ;
; Total memory bits                  ; 0                                           ;
; Embedded Multiplier 9-bit elements ; 0                                           ;
; Total PLLs                         ; 0                                           ;
+------------------------------------+---------------------------------------------+


+------------------------------------------------------------------------------------------------------------+
; Analysis & Synthesis Settings                                                                              ;
+------------------------------------------------------------------+--------------------+--------------------+
; Option                                                           ; Setting            ; Default Value      ;
+------------------------------------------------------------------+--------------------+--------------------+
; Device                                                           ; EP4CE22F17C6       ;                    ;
; Top-level entity name                                            ; ev20main           ; ev20QUARTUS        ;
; Family name                                                      ; Cyclone IV E       ; Cyclone V          ;
; Use smart compilation                                            ; Off                ; Off                ;
; Enable parallel Assembler and Timing Analyzer during compilation ; On                 ; On                 ;
; Enable compact report table                                      ; Off                ; Off                ;
; Restructure Multiplexers                                         ; Auto               ; Auto               ;
; Create Debugging Nodes for IP Cores                              ; Off                ; Off                ;
; Preserve fewer node names                                        ; On                 ; On                 ;
; Intel FPGA IP Evaluation Mode                                    ; Enable             ; Enable             ;
; Verilog Version                                                  ; Verilog_2001       ; Verilog_2001       ;
; VHDL Version                                                     ; VHDL_1993          ; VHDL_1993          ;
; State Machine Processing                                         ; Auto               ; Auto               ;
; Safe State Machine                                               ; Off                ; Off                ;
; Extract Verilog State Machines                                   ; On                 ; On                 ;
; Extract VHDL State Machines                                      ; On                 ; On                 ;
; Ignore Verilog initial constructs                                ; Off                ; Off                ;
; Iteration limit for constant Verilog loops                       ; 5000               ; 5000               ;
; Iteration limit for non-constant Verilog loops                   ; 250                ; 250                ;
; Add Pass-Through Logic to Inferred RAMs                          ; On                 ; On                 ;
; Infer RAMs from Raw Logic                                        ; On                 ; On                 ;
; Parallel Synthesis                                               ; On                 ; On                 ;
; DSP Block Balancing                                              ; Auto               ; Auto               ;
; NOT Gate Push-Back                                               ; On                 ; On                 ;
; Power-Up Don't Care                                              ; On                 ; On                 ;
; Remove Redundant Logic Cells                                     ; Off                ; Off                ;
; Remove Duplicate Registers                                       ; On                 ; On                 ;
; Ignore CARRY Buffers                                             ; Off                ; Off                ;
; Ignore CASCADE Buffers                                           ; Off                ; Off                ;
; Ignore GLOBAL Buffers                                            ; Off                ; Off                ;
; Ignore ROW GLOBAL Buffers                                        ; Off                ; Off                ;
; Ignore LCELL Buffers                                             ; Off                ; Off                ;
; Ignore SOFT Buffers                                              ; On                 ; On                 ;
; Limit AHDL Integers to 32 Bits                                   ; Off                ; Off                ;
; Optimization Technique                                           ; Balanced           ; Balanced           ;
; Carry Chain Length                                               ; 70                 ; 70                 ;
; Auto Carry Chains                                                ; On                 ; On                 ;
; Auto Open-Drain Pins                                             ; On                 ; On                 ;
; Perform WYSIWYG Primitive Resynthesis                            ; Off                ; Off                ;
; Auto ROM Replacement                                             ; On                 ; On                 ;
; Auto RAM Replacement                                             ; On                 ; On                 ;
; Auto DSP Block Replacement                                       ; On                 ; On                 ;
; Auto Shift Register Replacement                                  ; Auto               ; Auto               ;
; Allow Shift Register Merging across Hierarchies                  ; Auto               ; Auto               ;
; Auto Clock Enable Replacement                                    ; On                 ; On                 ;
; Strict RAM Replacement                                           ; Off                ; Off                ;
; Allow Synchronous Control Signals                                ; On                 ; On                 ;
; Force Use of Synchronous Clear Signals                           ; Off                ; Off                ;
; Auto RAM Block Balancing                                         ; On                 ; On                 ;
; Auto RAM to Logic Cell Conversion                                ; Off                ; Off                ;
; Auto Resource Sharing                                            ; Off                ; Off                ;
; Allow Any RAM Size For Recognition                               ; Off                ; Off                ;
; Allow Any ROM Size For Recognition                               ; Off                ; Off                ;
; Allow Any Shift Register Size For Recognition                    ; Off                ; Off                ;
; Use LogicLock Constraints during Resource Balancing              ; On                 ; On                 ;
; Ignore translate_off and synthesis_off directives                ; Off                ; Off                ;
; Timing-Driven Synthesis                                          ; On                 ; On                 ;
; Report Parameter Settings                                        ; On                 ; On                 ;
; Report Source Assignments                                        ; On                 ; On                 ;
; Report Connectivity Checks                                       ; On                 ; On                 ;
; Ignore Maximum Fan-Out Assignments                               ; Off                ; Off                ;
; Synchronization Register Chain Length                            ; 2                  ; 2                  ;
; Power Optimization During Synthesis                              ; Normal compilation ; Normal compilation ;
; HDL message level                                                ; Level2             ; Level2             ;
; Suppress Register Optimization Related Messages                  ; Off                ; Off                ;
; Number of Removed Registers Reported in Synthesis Report         ; 5000               ; 5000               ;
; Number of Swept Nodes Reported in Synthesis Report               ; 5000               ; 5000               ;
; Number of Inverted Registers Reported in Synthesis Report        ; 100                ; 100                ;
; Clock MUX Protection                                             ; On                 ; On                 ;
; Auto Gated Clock Conversion                                      ; Off                ; Off                ;
; Block Design Naming                                              ; Auto               ; Auto               ;
; SDC constraint protection                                        ; Off                ; Off                ;
; Synthesis Effort                                                 ; Auto               ; Auto               ;
; Shift Register Replacement - Allow Asynchronous Clear Signal     ; On                 ; On                 ;
; Pre-Mapping Resynthesis Optimization                             ; Off                ; Off                ;
; Analysis & Synthesis Message Level                               ; Medium             ; Medium             ;
; Disable Register Merging Across Hierarchies                      ; Auto               ; Auto               ;
; Resource Aware Inference For Block RAM                           ; On                 ; On                 ;
+------------------------------------------------------------------+--------------------+--------------------+


+------------------------------------------+
; Parallel Compilation                     ;
+----------------------------+-------------+
; Processors                 ; Number      ;
+----------------------------+-------------+
; Number detected on machine ; 8           ;
; Maximum allowed            ; 4           ;
;                            ;             ;
; Average used               ; 1.00        ;
; Maximum used               ; 4           ;
;                            ;             ;
; Usage by Processor         ; % Time Used ;
;     Processor 1            ; 100.0%      ;
;     Processors 2-4         ;   0.0%      ;
+----------------------------+-------------+


+-------------------------------------------------------------------------------------------------------------------------------------------------------------------------------+
; Analysis & Synthesis Source Files Read                                                                                                                                        ;
+----------------------------------+-----------------+------------------------------------+---------------------------------------------------------------------------+---------+
; File Name with User-Entered Path ; Used in Netlist ; File Type                          ; File Name with Absolute Path                                              ; Library ;
+----------------------------------+-----------------+------------------------------------+---------------------------------------------------------------------------+---------+
; ev20main.bdf                     ; yes             ; User Block Diagram/Schematic File  ; C:/Users/Manuel Mollon/Dropbox/E5/Electro_V/MicroEV20/ev20main.bdf        ;         ;
; ev20jumpControl.bdf              ; yes             ; User Block Diagram/Schematic File  ; C:/Users/Manuel Mollon/Dropbox/E5/Electro_V/MicroEV20/ev20jumpControl.bdf ;         ;
; alu.v                            ; yes             ; User Verilog HDL File              ; C:/Users/Manuel Mollon/Dropbox/E5/Electro_V/MicroEV20/alu.v               ;         ;
; 74139m.bdf                       ; yes             ; Megafunction                       ; c:/intelfpga_lite/18.1/quartus/libraries/others/maxplus2/74139m.bdf       ;         ;
+----------------------------------+-----------------+------------------------------------+---------------------------------------------------------------------------+---------+


+-------------------------------------------------------------+
; Analysis & Synthesis Resource Usage Summary                 ;
+---------------------------------------------+---------------+
; Resource                                    ; Usage         ;
+---------------------------------------------+---------------+
; Estimated Total logic elements              ; 177           ;
;                                             ;               ;
; Total combinational functions               ; 177           ;
; Logic element usage by number of LUT inputs ;               ;
;     -- 4 input functions                    ; 93            ;
;     -- 3 input functions                    ; 52            ;
;     -- <=2 input functions                  ; 32            ;
;                                             ;               ;
; Logic elements by mode                      ;               ;
;     -- normal mode                          ; 131           ;
;     -- arithmetic mode                      ; 46            ;
;                                             ;               ;
; Total registers                             ; 0             ;
;     -- Dedicated logic registers            ; 0             ;
;     -- I/O registers                        ; 0             ;
;                                             ;               ;
; I/O pins                                    ; 54            ;
;                                             ;               ;
; Embedded Multiplier 9-bit elements          ; 0             ;
;                                             ;               ;
; Maximum fan-out node                        ; aluC[0]~input ;
; Maximum fan-out                             ; 38            ;
; Total fan-out                               ; 660           ;
; Average fan-out                             ; 2.32          ;
+---------------------------------------------+---------------+


+----------------------------------------------------------------------------------------------------------------------------------------------------------------------------------------------------------+
; Analysis & Synthesis Resource Utilization by Entity                                                                                                                                                      ;
+----------------------------+---------------------+---------------------------+-------------+--------------+---------+-----------+------+--------------+---------------------+-------------+--------------+
; Compilation Hierarchy Node ; Combinational ALUTs ; Dedicated Logic Registers ; Memory Bits ; DSP Elements ; DSP 9x9 ; DSP 18x18 ; Pins ; Virtual Pins ; Full Hierarchy Name ; Entity Name ; Library Name ;
+----------------------------+---------------------+---------------------------+-------------+--------------+---------+-----------+------+--------------+---------------------+-------------+--------------+
; |ev20main                  ; 177 (0)             ; 0 (0)                     ; 0           ; 0            ; 0       ; 0         ; 54   ; 0            ; |ev20main           ; ev20main    ; work         ;
;    |ALU:inst1|             ; 177 (177)           ; 0 (0)                     ; 0           ; 0            ; 0       ; 0         ; 0    ; 0            ; |ev20main|ALU:inst1 ; ALU         ; work         ;
+----------------------------+---------------------+---------------------------+-------------+--------------+---------+-----------+------+--------------+---------------------+-------------+--------------+
Note: For table entries with two numbers listed, the numbers in parentheses indicate the number of resources of the given type used by the specific entity alone. The numbers listed outside of parentheses indicate the total resources of the given type used by the specific entity and all of its sub-entities in the hierarchy.


+----------------------------------------------------------------------------------------------------+
; User-Specified and Inferred Latches                                                                ;
+-----------------------------------------------------+---------------------+------------------------+
; Latch Name                                          ; Latch Enable Signal ; Free of Timing Hazards ;
+-----------------------------------------------------+---------------------+------------------------+
; ALU:inst1|aluRes[15]                                ; ALU:inst1|Mux16     ; yes                    ;
; ALU:inst1|aluRes[14]                                ; ALU:inst1|Mux16     ; yes                    ;
; ALU:inst1|aluRes[13]                                ; ALU:inst1|Mux16     ; yes                    ;
; ALU:inst1|aluRes[12]                                ; ALU:inst1|Mux16     ; yes                    ;
; ALU:inst1|aluRes[11]                                ; ALU:inst1|Mux16     ; yes                    ;
; ALU:inst1|aluRes[10]                                ; ALU:inst1|Mux16     ; yes                    ;
; ALU:inst1|aluRes[9]                                 ; ALU:inst1|Mux16     ; yes                    ;
; ALU:inst1|aluRes[8]                                 ; ALU:inst1|Mux16     ; yes                    ;
; ALU:inst1|aluRes[7]                                 ; ALU:inst1|Mux16     ; yes                    ;
; ALU:inst1|aluRes[6]                                 ; ALU:inst1|Mux16     ; yes                    ;
; ALU:inst1|aluRes[5]                                 ; ALU:inst1|Mux16     ; yes                    ;
; ALU:inst1|aluRes[4]                                 ; ALU:inst1|Mux16     ; yes                    ;
; ALU:inst1|aluRes[3]                                 ; ALU:inst1|Mux16     ; yes                    ;
; ALU:inst1|aluRes[2]                                 ; ALU:inst1|Mux16     ; yes                    ;
; ALU:inst1|aluRes[1]                                 ; ALU:inst1|Mux16     ; yes                    ;
; ALU:inst1|aluRes[0]                                 ; ALU:inst1|Mux16     ; yes                    ;
; Number of user-specified and inferred latches = 16  ;                     ;                        ;
+-----------------------------------------------------+---------------------+------------------------+
Note: All latches listed above may not be present at the end of synthesis due to various synthesis optimizations.


+------------------------------------------------------+
; General Register Statistics                          ;
+----------------------------------------------+-------+
; Statistic                                    ; Value ;
+----------------------------------------------+-------+
; Total registers                              ; 0     ;
; Number of registers using Synchronous Clear  ; 0     ;
; Number of registers using Synchronous Load   ; 0     ;
; Number of registers using Asynchronous Clear ; 0     ;
; Number of registers using Asynchronous Load  ; 0     ;
; Number of registers using Clock Enable       ; 0     ;
; Number of registers using Preset             ; 0     ;
+----------------------------------------------+-------+


+------------------------------------------------------------------------------------------------------------------------------------------+
; Multiplexer Restructuring Statistics (Restructuring Performed)                                                                           ;
+--------------------+-----------+---------------+----------------------+------------------------+------------+----------------------------+
; Multiplexer Inputs ; Bus Width ; Baseline Area ; Area if Restructured ; Saving if Restructured ; Registered ; Example Multiplexer Output ;
+--------------------+-----------+---------------+----------------------+------------------------+------------+----------------------------+
; 14:1               ; 15 bits   ; 135 LEs       ; 105 LEs              ; 30 LEs                 ; No         ; |ev20main|ALU:inst1|Mux15  ;
+--------------------+-----------+---------------+----------------------+------------------------+------------+----------------------------+


+-----------------------------------------------------+
; Post-Synthesis Netlist Statistics for Top Partition ;
+-----------------------+-----------------------------+
; Type                  ; Count                       ;
+-----------------------+-----------------------------+
; boundary_port         ; 54                          ;
; cycloneiii_lcell_comb ; 177                         ;
;     arith             ; 46                          ;
;         2 data inputs ; 14                          ;
;         3 data inputs ; 32                          ;
;     normal            ; 131                         ;
;         0 data inputs ; 1                           ;
;         1 data inputs ; 1                           ;
;         2 data inputs ; 16                          ;
;         3 data inputs ; 20                          ;
;         4 data inputs ; 93                          ;
;                       ;                             ;
; Max LUT depth         ; 7.50                        ;
; Average LUT depth     ; 5.76                        ;
+-----------------------+-----------------------------+


+-------------------------------+
; Elapsed Time Per Partition    ;
+----------------+--------------+
; Partition Name ; Elapsed Time ;
+----------------+--------------+
; Top            ; 00:00:08     ;
+----------------+--------------+


+-------------------------------+
; Analysis & Synthesis Messages ;
+-------------------------------+
Info: *******************************************************************
Info: Running Quartus Prime Analysis & Synthesis
    Info: Version 18.1.0 Build 625 09/12/2018 SJ Lite Edition
    Info: Processing started: Sun May 10 14:50:29 2020
Info: Command: quartus_map --read_settings_files=on --write_settings_files=off ev20QUARTUS -c ev20QUARTUS
Warning (18236): Number of processors has not been specified which may cause overloading on shared machines.  Set the global assignment NUM_PARALLEL_PROCESSORS in your QSF to an appropriate value for best performance.
Info (20030): Parallel compilation is enabled and will use 4 of the 4 processors detected
Info (12021): Found 1 design units, including 1 entities, in source file ev20main.bdf
    Info (12023): Found entity 1: ev20main
Info (12021): Found 1 design units, including 1 entities, in source file ev20jumpcontrol.bdf
    Info (12023): Found entity 1: ev20jumpControl
Info (12021): Found 1 design units, including 1 entities, in source file alu.v
    Info (12023): Found entity 1: ALU File: C:/Users/Manuel Mollon/Dropbox/E5/Electro_V/MicroEV20/alu.v Line: 1
Info (12127): Elaborating entity "ev20main" for the top level hierarchy
Info (12128): Elaborating entity "ALU" for hierarchy "ALU:inst1"
Warning (10240): Verilog HDL Always Construct warning at alu.v(12): inferring latch(es) for variable "aluRes", which holds its previous value in one or more paths through the always construct File: C:/Users/Manuel Mollon/Dropbox/E5/Electro_V/MicroEV20/alu.v Line: 12
Info (10041): Inferred latch for "aluRes[0]" at alu.v(12) File: C:/Users/Manuel Mollon/Dropbox/E5/Electro_V/MicroEV20/alu.v Line: 12
Info (10041): Inferred latch for "aluRes[1]" at alu.v(12) File: C:/Users/Manuel Mollon/Dropbox/E5/Electro_V/MicroEV20/alu.v Line: 12
Info (10041): Inferred latch for "aluRes[2]" at alu.v(12) File: C:/Users/Manuel Mollon/Dropbox/E5/Electro_V/MicroEV20/alu.v Line: 12
Info (10041): Inferred latch for "aluRes[3]" at alu.v(12) File: C:/Users/Manuel Mollon/Dropbox/E5/Electro_V/MicroEV20/alu.v Line: 12
Info (10041): Inferred latch for "aluRes[4]" at alu.v(12) File: C:/Users/Manuel Mollon/Dropbox/E5/Electro_V/MicroEV20/alu.v Line: 12
Info (10041): Inferred latch for "aluRes[5]" at alu.v(12) File: C:/Users/Manuel Mollon/Dropbox/E5/Electro_V/MicroEV20/alu.v Line: 12
Info (10041): Inferred latch for "aluRes[6]" at alu.v(12) File: C:/Users/Manuel Mollon/Dropbox/E5/Electro_V/MicroEV20/alu.v Line: 12
Info (10041): Inferred latch for "aluRes[7]" at alu.v(12) File: C:/Users/Manuel Mollon/Dropbox/E5/Electro_V/MicroEV20/alu.v Line: 12
Info (10041): Inferred latch for "aluRes[8]" at alu.v(12) File: C:/Users/Manuel Mollon/Dropbox/E5/Electro_V/MicroEV20/alu.v Line: 12
Info (10041): Inferred latch for "aluRes[9]" at alu.v(12) File: C:/Users/Manuel Mollon/Dropbox/E5/Electro_V/MicroEV20/alu.v Line: 12
Info (10041): Inferred latch for "aluRes[10]" at alu.v(12) File: C:/Users/Manuel Mollon/Dropbox/E5/Electro_V/MicroEV20/alu.v Line: 12
Info (10041): Inferred latch for "aluRes[11]" at alu.v(12) File: C:/Users/Manuel Mollon/Dropbox/E5/Electro_V/MicroEV20/alu.v Line: 12
Info (10041): Inferred latch for "aluRes[12]" at alu.v(12) File: C:/Users/Manuel Mollon/Dropbox/E5/Electro_V/MicroEV20/alu.v Line: 12
Info (10041): Inferred latch for "aluRes[13]" at alu.v(12) File: C:/Users/Manuel Mollon/Dropbox/E5/Electro_V/MicroEV20/alu.v Line: 12
Info (10041): Inferred latch for "aluRes[14]" at alu.v(12) File: C:/Users/Manuel Mollon/Dropbox/E5/Electro_V/MicroEV20/alu.v Line: 12
Info (10041): Inferred latch for "aluRes[15]" at alu.v(12) File: C:/Users/Manuel Mollon/Dropbox/E5/Electro_V/MicroEV20/alu.v Line: 12
Info (12128): Elaborating entity "ev20jumpControl" for hierarchy "ev20jumpControl:inst"
Info (12128): Elaborating entity "74139M" for hierarchy "ev20jumpControl:inst|74139M:inst6"
Info (12130): Elaborated megafunction instantiation "ev20jumpControl:inst|74139M:inst6"
Warning (13012): Latch ALU:inst1|aluRes[15] has unsafe behavior File: C:/Users/Manuel Mollon/Dropbox/E5/Electro_V/MicroEV20/alu.v Line: 12
    Warning (13013): Ports D and ENA on the latch are fed by the same signal aluC[3]
Warning (13012): Latch ALU:inst1|aluRes[14] has unsafe behavior File: C:/Users/Manuel Mollon/Dropbox/E5/Electro_V/MicroEV20/alu.v Line: 12
    Warning (13013): Ports D and ENA on the latch are fed by the same signal aluC[3]
Warning (13012): Latch ALU:inst1|aluRes[13] has unsafe behavior File: C:/Users/Manuel Mollon/Dropbox/E5/Electro_V/MicroEV20/alu.v Line: 12
    Warning (13013): Ports D and ENA on the latch are fed by the same signal aluC[3]
Warning (13012): Latch ALU:inst1|aluRes[12] has unsafe behavior File: C:/Users/Manuel Mollon/Dropbox/E5/Electro_V/MicroEV20/alu.v Line: 12
    Warning (13013): Ports D and ENA on the latch are fed by the same signal aluC[3]
Warning (13012): Latch ALU:inst1|aluRes[11] has unsafe behavior File: C:/Users/Manuel Mollon/Dropbox/E5/Electro_V/MicroEV20/alu.v Line: 12
    Warning (13013): Ports D and ENA on the latch are fed by the same signal aluC[3]
Warning (13012): Latch ALU:inst1|aluRes[10] has unsafe behavior File: C:/Users/Manuel Mollon/Dropbox/E5/Electro_V/MicroEV20/alu.v Line: 12
    Warning (13013): Ports D and ENA on the latch are fed by the same signal aluC[3]
Warning (13012): Latch ALU:inst1|aluRes[9] has unsafe behavior File: C:/Users/Manuel Mollon/Dropbox/E5/Electro_V/MicroEV20/alu.v Line: 12
    Warning (13013): Ports D and ENA on the latch are fed by the same signal aluC[3]
Warning (13012): Latch ALU:inst1|aluRes[8] has unsafe behavior File: C:/Users/Manuel Mollon/Dropbox/E5/Electro_V/MicroEV20/alu.v Line: 12
    Warning (13013): Ports D and ENA on the latch are fed by the same signal aluC[3]
Warning (13012): Latch ALU:inst1|aluRes[7] has unsafe behavior File: C:/Users/Manuel Mollon/Dropbox/E5/Electro_V/MicroEV20/alu.v Line: 12
    Warning (13013): Ports D and ENA on the latch are fed by the same signal aluC[3]
Warning (13012): Latch ALU:inst1|aluRes[6] has unsafe behavior File: C:/Users/Manuel Mollon/Dropbox/E5/Electro_V/MicroEV20/alu.v Line: 12
    Warning (13013): Ports D and ENA on the latch are fed by the same signal aluC[3]
Warning (13012): Latch ALU:inst1|aluRes[5] has unsafe behavior File: C:/Users/Manuel Mollon/Dropbox/E5/Electro_V/MicroEV20/alu.v Line: 12
    Warning (13013): Ports D and ENA on the latch are fed by the same signal aluC[3]
Warning (13012): Latch ALU:inst1|aluRes[4] has unsafe behavior File: C:/Users/Manuel Mollon/Dropbox/E5/Electro_V/MicroEV20/alu.v Line: 12
    Warning (13013): Ports D and ENA on the latch are fed by the same signal aluC[3]
Warning (13012): Latch ALU:inst1|aluRes[3] has unsafe behavior File: C:/Users/Manuel Mollon/Dropbox/E5/Electro_V/MicroEV20/alu.v Line: 12
    Warning (13013): Ports D and ENA on the latch are fed by the same signal aluC[3]
Warning (13012): Latch ALU:inst1|aluRes[2] has unsafe behavior File: C:/Users/Manuel Mollon/Dropbox/E5/Electro_V/MicroEV20/alu.v Line: 12
    Warning (13013): Ports D and ENA on the latch are fed by the same signal aluC[3]
Warning (13012): Latch ALU:inst1|aluRes[1] has unsafe behavior File: C:/Users/Manuel Mollon/Dropbox/E5/Electro_V/MicroEV20/alu.v Line: 12
    Warning (13013): Ports D and ENA on the latch are fed by the same signal aluC[3]
Warning (13012): Latch ALU:inst1|aluRes[0] has unsafe behavior File: C:/Users/Manuel Mollon/Dropbox/E5/Electro_V/MicroEV20/alu.v Line: 12
    Warning (13013): Ports D and ENA on the latch are fed by the same signal aluC[3]
Info (286030): Timing-Driven Synthesis is running
Info (16010): Generating hard_block partition "hard_block:auto_generated_inst"
    Info (16011): Adding 0 node(s), including 0 DDIO, 0 PLL, 0 transceiver and 0 LCELL
Info (21057): Implemented 231 device resources after synthesis - the final resource count might be different
    Info (21058): Implemented 37 input pins
    Info (21059): Implemented 17 output pins
    Info (21061): Implemented 177 logic cells
Info: Quartus Prime Analysis & Synthesis was successful. 0 errors, 34 warnings
    Info: Peak virtual memory: 4779 megabytes
    Info: Processing ended: Sun May 10 14:51:16 2020
    Info: Elapsed time: 00:00:47
    Info: Total CPU time (on all processors): 00:00:43


